<?xml version="1.0" encoding="UTF-8"?>
<!-- Generated by org.testng.reporters.JUnitReportReporter -->
<testsuite hostname="US-PF3ZQCR7" failures="0" tests="3" name="runners.RunCucumberTest" time="154.206" errors="0" timestamp="2025-04-24T09:55:35 EET" skipped="0">
  <testcase classname="runners.RunCucumberTest" name="runScenario" time="51.085"/>
  <testcase classname="runners.RunCucumberTest" name="runScenario" time="51.083"/>
  <testcase classname="runners.RunCucumberTest" name="runScenario" time="52.038"/>
</testsuite> <!-- runners.RunCucumberTest -->
